This file contains any messages produced by compilers while
running configure, to aid debugging if configure makes a mistake.

It was created by MIT/GNU Scheme Imail configure 1.22, which was
generated by GNU Autoconf 2.69.  Invocation command line was

  $ ./configure --disable-option-checking --prefix=/usr/local --cache-file=/dev/null --srcdir=.

## --------- ##
## Platform. ##
## --------- ##

hostname = VM-0-2-centos
uname -m = x86_64
uname -r = 3.10.0-1127.19.1.el7.x86_64
uname -s = Linux
uname -v = #1 SMP Tue Aug 25 17:23:54 UTC 2020

/usr/bin/uname -p = x86_64
/bin/uname -X     = unknown

/bin/arch              = x86_64
/usr/bin/arch -k       = unknown
/usr/convex/getsysinfo = unknown
/usr/bin/hostinfo      = unknown
/bin/machine           = unknown
/usr/bin/oslevel       = unknown
/bin/universe          = unknown

PATH: /sbin
PATH: /bin
PATH: /usr/sbin
PATH: /usr/bin


## ----------- ##
## Core tests. ##
## ----------- ##

configure:1820: checking for a BSD-compatible install
configure:1888: result: /bin/install -c
configure:1899: checking whether build environment is sane
configure:1954: result: yes
configure:2105: checking for a thread-safe mkdir -p
configure:2144: result: /bin/mkdir -p
configure:2151: checking for gawk
configure:2167: found /bin/gawk
configure:2178: result: gawk
configure:2189: checking whether make sets $(MAKE)
configure:2211: result: yes
configure:2240: checking whether make supports nested variables
configure:2257: result: yes
configure:2552: checking that generated files are newer than configure
configure:2558: result: done
configure:2566: creating ./config.status

## ---------------------- ##
## Running config.status. ##
## ---------------------- ##

This file was extended by MIT/GNU Scheme Imail config.status 1.22, which was
generated by GNU Autoconf 2.69.  Invocation command line was

  CONFIG_FILES    = 
  CONFIG_HEADERS  = 
  CONFIG_LINKS    = 
  CONFIG_COMMANDS = 
  $ ./config.status 

on VM-0-2-centos

config.status:747: creating Makefile

## ---------------- ##
## Cache variables. ##
## ---------------- ##

ac_cv_env_build_alias_set=
ac_cv_env_build_alias_value=
ac_cv_env_host_alias_set=
ac_cv_env_host_alias_value=
ac_cv_env_target_alias_set=
ac_cv_env_target_alias_value=
ac_cv_path_install='/bin/install -c'
ac_cv_path_mkdir=/bin/mkdir
ac_cv_prog_AWK=gawk
ac_cv_prog_make_make_set=yes
am_cv_make_support_nested_variables=yes

## ----------------- ##
## Output variables. ##
## ----------------- ##

ACLOCAL='${SHELL} /home/kevin/Desktop/mit-scheme-10.1.11/src/imail/missing aclocal-1.16'
AMTAR='$${TAR-tar}'
AM_BACKSLASH='\'
AM_DEFAULT_V='$(AM_DEFAULT_VERBOSITY)'
AM_DEFAULT_VERBOSITY='1'
AM_V='$(V)'
AUTOCONF='${SHELL} /home/kevin/Desktop/mit-scheme-10.1.11/src/imail/missing autoconf'
AUTOHEADER='${SHELL} /home/kevin/Desktop/mit-scheme-10.1.11/src/imail/missing autoheader'
AUTOMAKE='${SHELL} /home/kevin/Desktop/mit-scheme-10.1.11/src/imail/missing automake-1.16'
AWK='gawk'
CYGPATH_W='echo'
DEFS='-DPACKAGE_NAME=\"MIT/GNU\ Scheme\ Imail\" -DPACKAGE_TARNAME=\"mit-scheme-imail\" -DPACKAGE_VERSION=\"1.22\" -DPACKAGE_STRING=\"MIT/GNU\ Scheme\ Imail\ 1.22\" -DPACKAGE_BUGREPORT=\"bug-mit-scheme@gnu.org\" -DPACKAGE_URL=\"\" -DPACKAGE=\"mit-scheme-imail\" -DVERSION=\"1.22\"'
ECHO_C=''
ECHO_N='-n'
ECHO_T=''
INSTALL_DATA='${INSTALL} -m 644'
INSTALL_PROGRAM='${INSTALL}'
INSTALL_SCRIPT='${INSTALL}'
INSTALL_STRIP_PROGRAM='$(install_sh) -c -s'
LIBOBJS=''
LIBS=''
LTLIBOBJS=''
MAKEINFO='${SHELL} /home/kevin/Desktop/mit-scheme-10.1.11/src/imail/missing makeinfo'
MIT_SCHEME_EXE='no-mit-scheme-needed'
MIT_SCHEME_LIBDIR='$(libdir)/mit-scheme-x86-64/'
MIT_SCHEME_OS_SUFFIX='unx'
MIT_SCHEME_PROJECT='mit-scheme'
MKDIR_P='/bin/mkdir -p'
PACKAGE='mit-scheme-imail'
PACKAGE_BUGREPORT='bug-mit-scheme@gnu.org'
PACKAGE_NAME='MIT/GNU Scheme Imail'
PACKAGE_STRING='MIT/GNU Scheme Imail 1.22'
PACKAGE_TARNAME='mit-scheme-imail'
PACKAGE_URL=''
PACKAGE_VERSION='1.22'
PATH_SEPARATOR=':'
SET_MAKE=''
SHELL='/bin/sh'
STRIP=''
VERSION='1.22'
am__isrc=''
am__leading_dot='.'
am__tar='$${TAR-tar} chof - "$$tardir"'
am__untar='$${TAR-tar} xf -'
bindir='${exec_prefix}/bin'
build_alias=''
datadir='${datarootdir}'
datarootdir='${prefix}/share'
docdir='$(datarootdir)/doc/$(MIT_SCHEME_PROJECT)'
dvidir='${docdir}'
exec_prefix='${prefix}'
host_alias=''
htmldir='${docdir}'
includedir='${prefix}/include'
infodir='${datarootdir}/info'
install_sh='${SHELL} /home/kevin/Desktop/mit-scheme-10.1.11/src/imail/install-sh'
libdir='${exec_prefix}/lib'
libexecdir='${exec_prefix}/libexec'
localedir='${datarootdir}/locale'
localstatedir='${prefix}/var'
mandir='${datarootdir}/man'
mkdir_p='$(MKDIR_P)'
oldincludedir='/usr/include'
pdfdir='${docdir}'
prefix='/usr/local'
program_transform_name='s,x,x,'
psdir='${docdir}'
runstatedir='${localstatedir}/run'
sbindir='${exec_prefix}/sbin'
sharedstatedir='${prefix}/com'
sysconfdir='${prefix}/etc'
target_alias=''

## ----------- ##
## confdefs.h. ##
## ----------- ##

/* confdefs.h */
#define PACKAGE_NAME "MIT/GNU Scheme Imail"
#define PACKAGE_TARNAME "mit-scheme-imail"
#define PACKAGE_VERSION "1.22"
#define PACKAGE_STRING "MIT/GNU Scheme Imail 1.22"
#define PACKAGE_BUGREPORT "bug-mit-scheme@gnu.org"
#define PACKAGE_URL ""
#define PACKAGE "mit-scheme-imail"
#define VERSION "1.22"

configure: exit 0
