This file contains any messages produced by compilers while
running configure, to aid debugging if configure makes a mistake.

It was created by MIT/GNU Scheme x11 plugin configure 1.3, which was
generated by GNU Autoconf 2.69.  Invocation command line was

  $ ./configure --disable-option-checking --prefix=/usr/local --cache-file=/dev/null --srcdir=.

## --------- ##
## Platform. ##
## --------- ##

hostname = VM-0-2-centos
uname -m = x86_64
uname -r = 3.10.0-1127.19.1.el7.x86_64
uname -s = Linux
uname -v = #1 SMP Tue Aug 25 17:23:54 UTC 2020

/usr/bin/uname -p = x86_64
/bin/uname -X     = unknown

/bin/arch              = x86_64
/usr/bin/arch -k       = unknown
/usr/convex/getsysinfo = unknown
/usr/bin/hostinfo      = unknown
/bin/machine           = unknown
/usr/bin/oslevel       = unknown
/bin/universe          = unknown

PATH: /sbin
PATH: /bin
PATH: /usr/sbin
PATH: /usr/bin


## ----------- ##
## Core tests. ##
## ----------- ##

configure:2343: checking for a BSD-compatible install
configure:2411: result: /bin/install -c
configure:2422: checking whether build environment is sane
configure:2477: result: yes
configure:2628: checking for a thread-safe mkdir -p
configure:2667: result: /bin/mkdir -p
configure:2674: checking for gawk
configure:2690: found /bin/gawk
configure:2701: result: gawk
configure:2712: checking whether make sets $(MAKE)
configure:2734: result: yes
configure:2763: checking whether make supports nested variables
configure:2780: result: yes
configure:2937: checking build system type
configure:2951: result: x86_64-pc-linux-gnu
configure:2971: checking host system type
configure:2984: result: x86_64-pc-linux-gnu
configure:3025: checking how to print strings
configure:3052: result: printf
configure:3077: checking whether make supports the include directive
configure:3092: make -f confmf.GNU && cat confinc.out
this is the am__doit target
configure:3095: $? = 0
configure:3114: result: yes (GNU style)
configure:3184: checking for gcc
configure:3200: found /bin/gcc
configure:3211: result: gcc
configure:3440: checking for C compiler version
configure:3449: gcc --version >&5
gcc (GCC) 4.8.5 20150623 (Red Hat 4.8.5-39)
Copyright (C) 2015 Free Software Foundation, Inc.
This is free software; see the source for copying conditions.  There is NO
warranty; not even for MERCHANTABILITY or FITNESS FOR A PARTICULAR PURPOSE.

configure:3460: $? = 0
configure:3449: gcc -v >&5
Using built-in specs.
COLLECT_GCC=gcc
COLLECT_LTO_WRAPPER=/usr/libexec/gcc/x86_64-redhat-linux/4.8.5/lto-wrapper
Target: x86_64-redhat-linux
Configured with: ../configure --prefix=/usr --mandir=/usr/share/man --infodir=/usr/share/info --with-bugurl=http://bugzilla.redhat.com/bugzilla --enable-bootstrap --enable-shared --enable-threads=posix --enable-checking=release --with-system-zlib --enable-__cxa_atexit --disable-libunwind-exceptions --enable-gnu-unique-object --enable-linker-build-id --with-linker-hash-style=gnu --enable-languages=c,c++,objc,obj-c++,java,fortran,ada,go,lto --enable-plugin --enable-initfini-array --disable-libgcj --with-isl=/builddir/build/BUILD/gcc-4.8.5-20150702/obj-x86_64-redhat-linux/isl-install --with-cloog=/builddir/build/BUILD/gcc-4.8.5-20150702/obj-x86_64-redhat-linux/cloog-install --enable-gnu-indirect-function --with-tune=generic --with-arch_32=x86-64 --build=x86_64-redhat-linux
Thread model: posix
gcc version 4.8.5 20150623 (Red Hat 4.8.5-39) (GCC) 
configure:3460: $? = 0
configure:3449: gcc -V >&5
gcc: error: unrecognized command line option '-V'
gcc: fatal error: no input files
compilation terminated.
configure:3460: $? = 4
configure:3449: gcc -qversion >&5
gcc: error: unrecognized command line option '-qversion'
gcc: fatal error: no input files
compilation terminated.
configure:3460: $? = 4
configure:3480: checking whether the C compiler works
configure:3502: gcc    conftest.c  >&5
configure:3506: $? = 0
configure:3554: result: yes
configure:3557: checking for C compiler default output file name
configure:3559: result: a.out
configure:3565: checking for suffix of executables
configure:3572: gcc -o conftest    conftest.c  >&5
configure:3576: $? = 0
configure:3598: result: 
configure:3620: checking whether we are cross compiling
configure:3628: gcc -o conftest    conftest.c  >&5
configure:3632: $? = 0
configure:3639: ./conftest
configure:3643: $? = 0
configure:3658: result: no
configure:3663: checking for suffix of object files
configure:3685: gcc -c   conftest.c >&5
configure:3689: $? = 0
configure:3710: result: o
configure:3714: checking whether we are using the GNU C compiler
configure:3733: gcc -c   conftest.c >&5
configure:3733: $? = 0
configure:3742: result: yes
configure:3751: checking whether gcc accepts -g
configure:3771: gcc -c -g  conftest.c >&5
configure:3771: $? = 0
configure:3812: result: yes
configure:3829: checking for gcc option to accept ISO C89
configure:3892: gcc  -c -g -O2  conftest.c >&5
configure:3892: $? = 0
configure:3905: result: none needed
configure:3930: checking whether gcc understands -c and -o together
configure:3952: gcc -c conftest.c -o conftest2.o
configure:3955: $? = 0
configure:3952: gcc -c conftest.c -o conftest2.o
configure:3955: $? = 0
configure:3967: result: yes
configure:3986: checking dependency style of gcc
configure:4097: result: gcc3
configure:4112: checking for a sed that does not truncate output
configure:4176: result: /bin/sed
configure:4194: checking for grep that handles long lines and -e
configure:4252: result: /bin/grep
configure:4257: checking for egrep
configure:4319: result: /bin/grep -E
configure:4324: checking for fgrep
configure:4386: result: /bin/grep -F
configure:4421: checking for ld used by gcc
configure:4488: result: /bin/ld
configure:4495: checking if the linker (/bin/ld) is GNU ld
configure:4510: result: yes
configure:4522: checking for BSD- or MS-compatible name lister (nm)
configure:4576: result: /bin/nm -B
configure:4706: checking the name lister (/bin/nm -B) interface
configure:4713: gcc -c -g -O2  conftest.c >&5
configure:4716: /bin/nm -B "conftest.o"
configure:4719: output
0000000000000000 B some_variable
configure:4726: result: BSD nm
configure:4729: checking whether ln -s works
configure:4733: result: yes
configure:4741: checking the maximum length of command line arguments
configure:4872: result: 1572864
configure:4920: checking how to convert x86_64-pc-linux-gnu file names to x86_64-pc-linux-gnu format
configure:4960: result: func_convert_file_noop
configure:4967: checking how to convert x86_64-pc-linux-gnu file names to toolchain format
configure:4987: result: func_convert_file_noop
configure:4994: checking for /bin/ld option to reload object files
configure:5001: result: -r
configure:5075: checking for objdump
configure:5091: found /bin/objdump
configure:5102: result: objdump
configure:5134: checking how to recognize dependent libraries
configure:5334: result: pass_all
configure:5419: checking for dlltool
configure:5449: result: no
configure:5479: checking how to associate runtime and link libraries
configure:5506: result: printf %s\n
configure:5567: checking for ar
configure:5583: found /bin/ar
configure:5594: result: ar
configure:5631: checking for archiver @FILE support
configure:5648: gcc -c -g -O2  conftest.c >&5
configure:5648: $? = 0
configure:5651: ar cr libconftest.a @conftest.lst >&5
configure:5654: $? = 0
configure:5659: ar cr libconftest.a @conftest.lst >&5
ar: conftest.o: No such file or directory
configure:5662: $? = 1
configure:5674: result: @
configure:5732: checking for strip
configure:5748: found /bin/strip
configure:5759: result: strip
configure:5831: checking for ranlib
configure:5847: found /bin/ranlib
configure:5858: result: ranlib
configure:5960: checking command to parse /bin/nm -B output from gcc object
configure:6113: gcc -c -g -O2  conftest.c >&5
configure:6116: $? = 0
configure:6120: /bin/nm -B conftest.o | sed -n -e 's/^.*[	 ]\([ABCDGIRSTW][ABCDGIRSTW]*\)[	 ][	 ]*\([_A-Za-z][_A-Za-z0-9]*\)$/\1 \2 \2/p' | sed '/ __gnu_lto/d' > conftest.nm
configure:6186: gcc -o conftest -g -O2   conftest.c conftstm.o >&5
configure:6189: $? = 0
configure:6227: result: ok
configure:6274: checking for sysroot
configure:6304: result: no
configure:6311: checking for a working dd
configure:6349: result: /bin/dd
configure:6353: checking how to truncate binary pipes
configure:6368: result: /bin/dd bs=4096 count=1
configure:6504: gcc -c -g -O2  conftest.c >&5
configure:6507: $? = 0
configure:6697: checking for mt
configure:6727: result: no
configure:6747: checking if : is a manifest tool
configure:6753: : '-?'
configure:6761: result: no
configure:7438: checking how to run the C preprocessor
configure:7469: gcc -E  conftest.c
configure:7469: $? = 0
configure:7483: gcc -E  conftest.c
conftest.c:11:28: fatal error: ac_nonexistent.h: No such file or directory
 #include <ac_nonexistent.h>
                            ^
compilation terminated.
configure:7483: $? = 1
configure: failed program was:
| /* confdefs.h */
| #define PACKAGE_NAME "MIT/GNU Scheme x11 plugin"
| #define PACKAGE_TARNAME "mit-scheme-x11"
| #define PACKAGE_VERSION "1.3"
| #define PACKAGE_STRING "MIT/GNU Scheme x11 plugin 1.3"
| #define PACKAGE_BUGREPORT "bug-mit-scheme@gnu.org"
| #define PACKAGE_URL ""
| #define PACKAGE "mit-scheme-x11"
| #define VERSION "1.3"
| /* end confdefs.h.  */
| #include <ac_nonexistent.h>
configure:7508: result: gcc -E
configure:7528: gcc -E  conftest.c
configure:7528: $? = 0
configure:7542: gcc -E  conftest.c
conftest.c:11:28: fatal error: ac_nonexistent.h: No such file or directory
 #include <ac_nonexistent.h>
                            ^
compilation terminated.
configure:7542: $? = 1
configure: failed program was:
| /* confdefs.h */
| #define PACKAGE_NAME "MIT/GNU Scheme x11 plugin"
| #define PACKAGE_TARNAME "mit-scheme-x11"
| #define PACKAGE_VERSION "1.3"
| #define PACKAGE_STRING "MIT/GNU Scheme x11 plugin 1.3"
| #define PACKAGE_BUGREPORT "bug-mit-scheme@gnu.org"
| #define PACKAGE_URL ""
| #define PACKAGE "mit-scheme-x11"
| #define VERSION "1.3"
| /* end confdefs.h.  */
| #include <ac_nonexistent.h>
configure:7571: checking for ANSI C header files
configure:7591: gcc -c -g -O2  conftest.c >&5
configure:7591: $? = 0
configure:7664: gcc -o conftest -g -O2   conftest.c  >&5
configure:7664: $? = 0
configure:7664: ./conftest
configure:7664: $? = 0
configure:7675: result: yes
configure:7688: checking for sys/types.h
configure:7688: gcc -c -g -O2  conftest.c >&5
configure:7688: $? = 0
configure:7688: result: yes
configure:7688: checking for sys/stat.h
configure:7688: gcc -c -g -O2  conftest.c >&5
configure:7688: $? = 0
configure:7688: result: yes
configure:7688: checking for stdlib.h
configure:7688: gcc -c -g -O2  conftest.c >&5
configure:7688: $? = 0
configure:7688: result: yes
configure:7688: checking for string.h
configure:7688: gcc -c -g -O2  conftest.c >&5
configure:7688: $? = 0
configure:7688: result: yes
configure:7688: checking for memory.h
configure:7688: gcc -c -g -O2  conftest.c >&5
configure:7688: $? = 0
configure:7688: result: yes
configure:7688: checking for strings.h
configure:7688: gcc -c -g -O2  conftest.c >&5
configure:7688: $? = 0
configure:7688: result: yes
configure:7688: checking for inttypes.h
configure:7688: gcc -c -g -O2  conftest.c >&5
configure:7688: $? = 0
configure:7688: result: yes
configure:7688: checking for stdint.h
configure:7688: gcc -c -g -O2  conftest.c >&5
configure:7688: $? = 0
configure:7688: result: yes
configure:7688: checking for unistd.h
configure:7688: gcc -c -g -O2  conftest.c >&5
configure:7688: $? = 0
configure:7688: result: yes
configure:7702: checking for dlfcn.h
configure:7702: gcc -c -g -O2  conftest.c >&5
configure:7702: $? = 0
configure:7702: result: yes
configure:7957: checking for objdir
configure:7972: result: .libs
configure:8236: checking if gcc supports -fno-rtti -fno-exceptions
configure:8254: gcc -c -g -O2  -fno-rtti -fno-exceptions conftest.c >&5
cc1: warning: command line option '-fno-rtti' is valid for C++/ObjC++ but not for C [enabled by default]
configure:8258: $? = 0
configure:8271: result: no
configure:8635: checking for gcc option to produce PIC
configure:8642: result: -fPIC -DPIC
configure:8650: checking if gcc PIC flag -fPIC -DPIC works
configure:8668: gcc -c -g -O2  -fPIC -DPIC -DPIC conftest.c >&5
configure:8672: $? = 0
configure:8685: result: yes
configure:8714: checking if gcc static flag -static works
configure:8742: result: no
configure:8757: checking if gcc supports -c -o file.o
configure:8778: gcc -c -g -O2  -o out/conftest2.o conftest.c >&5
configure:8782: $? = 0
configure:8804: result: yes
configure:8812: checking if gcc supports -c -o file.o
configure:8859: result: yes
configure:8892: checking whether the gcc linker (/bin/ld -m elf_x86_64) supports shared libraries
configure:10155: result: yes
configure:10192: checking whether -lc should be explicitly linked in
configure:10200: gcc -c -g -O2  conftest.c >&5
configure:10203: $? = 0
configure:10218: gcc -shared  -fPIC -DPIC conftest.o  -v -Wl,-soname -Wl,conftest -o conftest 2\>\&1 \| /bin/grep  -lc  \>/dev/null 2\>\&1
configure:10221: $? = 0
configure:10235: result: no
configure:10395: checking dynamic linker characteristics
configure:10976: gcc -o conftest -g -O2   -Wl,-rpath -Wl,/foo conftest.c  >&5
configure:10976: $? = 0
configure:11225: result: GNU/Linux ld.so
configure:11347: checking how to hardcode library paths into programs
configure:11372: result: immediate
configure:11474: checking for shl_load
configure:11474: gcc -o conftest -g -O2   conftest.c  >&5
/tmp/ccWwDhez.o: In function `main':
/home/kevin/Desktop/mit-scheme-10.1.11/src/x11/conftest.c:57: undefined reference to `shl_load'
collect2: error: ld returned 1 exit status
configure:11474: $? = 1
configure: failed program was:
| /* confdefs.h */
| #define PACKAGE_NAME "MIT/GNU Scheme x11 plugin"
| #define PACKAGE_TARNAME "mit-scheme-x11"
| #define PACKAGE_VERSION "1.3"
| #define PACKAGE_STRING "MIT/GNU Scheme x11 plugin 1.3"
| #define PACKAGE_BUGREPORT "bug-mit-scheme@gnu.org"
| #define PACKAGE_URL ""
| #define PACKAGE "mit-scheme-x11"
| #define VERSION "1.3"
| #define STDC_HEADERS 1
| #define HAVE_SYS_TYPES_H 1
| #define HAVE_SYS_STAT_H 1
| #define HAVE_STDLIB_H 1
| #define HAVE_STRING_H 1
| #define HAVE_MEMORY_H 1
| #define HAVE_STRINGS_H 1
| #define HAVE_INTTYPES_H 1
| #define HAVE_STDINT_H 1
| #define HAVE_UNISTD_H 1
| #define HAVE_DLFCN_H 1
| #define LT_OBJDIR ".libs/"
| /* end confdefs.h.  */
| /* Define shl_load to an innocuous variant, in case <limits.h> declares shl_load.
|    For example, HP-UX 11i <limits.h> declares gettimeofday.  */
| #define shl_load innocuous_shl_load
| 
| /* System header to define __stub macros and hopefully few prototypes,
|     which can conflict with char shl_load (); below.
|     Prefer <limits.h> to <assert.h> if __STDC__ is defined, since
|     <limits.h> exists even on freestanding compilers.  */
| 
| #ifdef __STDC__
| # include <limits.h>
| #else
| # include <assert.h>
| #endif
| 
| #undef shl_load
| 
| /* Override any GCC internal prototype to avoid an error.
|    Use char because int might match the return type of a GCC
|    builtin and then its argument prototype would still apply.  */
| #ifdef __cplusplus
| extern "C"
| #endif
| char shl_load ();
| /* The GNU C library defines this for functions which it implements
|     to always fail with ENOSYS.  Some functions are actually named
|     something starting with __ and the normal name is an alias.  */
| #if defined __stub_shl_load || defined __stub___shl_load
| choke me
| #endif
| 
| int
| main ()
| {
| return shl_load ();
|   ;
|   return 0;
| }
configure:11474: result: no
configure:11478: checking for shl_load in -ldld
configure:11503: gcc -o conftest -g -O2   conftest.c -ldld   >&5
/bin/ld: cannot find -ldld
collect2: error: ld returned 1 exit status
configure:11503: $? = 1
configure: failed program was:
| /* confdefs.h */
| #define PACKAGE_NAME "MIT/GNU Scheme x11 plugin"
| #define PACKAGE_TARNAME "mit-scheme-x11"
| #define PACKAGE_VERSION "1.3"
| #define PACKAGE_STRING "MIT/GNU Scheme x11 plugin 1.3"
| #define PACKAGE_BUGREPORT "bug-mit-scheme@gnu.org"
| #define PACKAGE_URL ""
| #define PACKAGE "mit-scheme-x11"
| #define VERSION "1.3"
| #define STDC_HEADERS 1
| #define HAVE_SYS_TYPES_H 1
| #define HAVE_SYS_STAT_H 1
| #define HAVE_STDLIB_H 1
| #define HAVE_STRING_H 1
| #define HAVE_MEMORY_H 1
| #define HAVE_STRINGS_H 1
| #define HAVE_INTTYPES_H 1
| #define HAVE_STDINT_H 1
| #define HAVE_UNISTD_H 1
| #define HAVE_DLFCN_H 1
| #define LT_OBJDIR ".libs/"
| /* end confdefs.h.  */
| 
| /* Override any GCC internal prototype to avoid an error.
|    Use char because int might match the return type of a GCC
|    builtin and then its argument prototype would still apply.  */
| #ifdef __cplusplus
| extern "C"
| #endif
| char shl_load ();
| int
| main ()
| {
| return shl_load ();
|   ;
|   return 0;
| }
configure:11512: result: no
configure:11517: checking for dlopen
configure:11517: gcc -o conftest -g -O2   conftest.c  >&5
/tmp/ccyj6uix.o: In function `main':
/home/kevin/Desktop/mit-scheme-10.1.11/src/x11/conftest.c:57: undefined reference to `dlopen'
collect2: error: ld returned 1 exit status
configure:11517: $? = 1
configure: failed program was:
| /* confdefs.h */
| #define PACKAGE_NAME "MIT/GNU Scheme x11 plugin"
| #define PACKAGE_TARNAME "mit-scheme-x11"
| #define PACKAGE_VERSION "1.3"
| #define PACKAGE_STRING "MIT/GNU Scheme x11 plugin 1.3"
| #define PACKAGE_BUGREPORT "bug-mit-scheme@gnu.org"
| #define PACKAGE_URL ""
| #define PACKAGE "mit-scheme-x11"
| #define VERSION "1.3"
| #define STDC_HEADERS 1
| #define HAVE_SYS_TYPES_H 1
| #define HAVE_SYS_STAT_H 1
| #define HAVE_STDLIB_H 1
| #define HAVE_STRING_H 1
| #define HAVE_MEMORY_H 1
| #define HAVE_STRINGS_H 1
| #define HAVE_INTTYPES_H 1
| #define HAVE_STDINT_H 1
| #define HAVE_UNISTD_H 1
| #define HAVE_DLFCN_H 1
| #define LT_OBJDIR ".libs/"
| /* end confdefs.h.  */
| /* Define dlopen to an innocuous variant, in case <limits.h> declares dlopen.
|    For example, HP-UX 11i <limits.h> declares gettimeofday.  */
| #define dlopen innocuous_dlopen
| 
| /* System header to define __stub macros and hopefully few prototypes,
|     which can conflict with char dlopen (); below.
|     Prefer <limits.h> to <assert.h> if __STDC__ is defined, since
|     <limits.h> exists even on freestanding compilers.  */
| 
| #ifdef __STDC__
| # include <limits.h>
| #else
| # include <assert.h>
| #endif
| 
| #undef dlopen
| 
| /* Override any GCC internal prototype to avoid an error.
|    Use char because int might match the return type of a GCC
|    builtin and then its argument prototype would still apply.  */
| #ifdef __cplusplus
| extern "C"
| #endif
| char dlopen ();
| /* The GNU C library defines this for functions which it implements
|     to always fail with ENOSYS.  Some functions are actually named
|     something starting with __ and the normal name is an alias.  */
| #if defined __stub_dlopen || defined __stub___dlopen
| choke me
| #endif
| 
| int
| main ()
| {
| return dlopen ();
|   ;
|   return 0;
| }
configure:11517: result: no
configure:11521: checking for dlopen in -ldl
configure:11546: gcc -o conftest -g -O2   conftest.c -ldl   >&5
configure:11546: $? = 0
configure:11555: result: yes
configure:11674: checking whether a program can dlopen itself
configure:11754: gcc -o conftest -g -O2  -DHAVE_DLFCN_H  -Wl,--export-dynamic conftest.c -ldl  >&5
configure:11757: $? = 0
configure:11775: result: yes
configure:11780: checking whether a statically linked program can dlopen itself
configure:11860: gcc -o conftest -g -O2  -DHAVE_DLFCN_H  -Wl,--export-dynamic  conftest.c -ldl  >&5
configure:11863: $? = 0
configure:11881: result: yes
configure:11920: checking whether stripping libraries is possible
configure:11925: result: yes
configure:11960: checking if libtool supports shared libraries
configure:11962: result: yes
configure:11965: checking whether to build shared libraries
configure:11990: result: yes
configure:11993: checking whether to build static libraries
configure:11997: result: yes
configure:12083: checking for gcc
configure:12110: result: gcc
configure:12339: checking for C compiler version
configure:12348: gcc --version >&5
gcc (GCC) 4.8.5 20150623 (Red Hat 4.8.5-39)
Copyright (C) 2015 Free Software Foundation, Inc.
This is free software; see the source for copying conditions.  There is NO
warranty; not even for MERCHANTABILITY or FITNESS FOR A PARTICULAR PURPOSE.

configure:12359: $? = 0
configure:12348: gcc -v >&5
Using built-in specs.
COLLECT_GCC=gcc
COLLECT_LTO_WRAPPER=/usr/libexec/gcc/x86_64-redhat-linux/4.8.5/lto-wrapper
Target: x86_64-redhat-linux
Configured with: ../configure --prefix=/usr --mandir=/usr/share/man --infodir=/usr/share/info --with-bugurl=http://bugzilla.redhat.com/bugzilla --enable-bootstrap --enable-shared --enable-threads=posix --enable-checking=release --with-system-zlib --enable-__cxa_atexit --disable-libunwind-exceptions --enable-gnu-unique-object --enable-linker-build-id --with-linker-hash-style=gnu --enable-languages=c,c++,objc,obj-c++,java,fortran,ada,go,lto --enable-plugin --enable-initfini-array --disable-libgcj --with-isl=/builddir/build/BUILD/gcc-4.8.5-20150702/obj-x86_64-redhat-linux/isl-install --with-cloog=/builddir/build/BUILD/gcc-4.8.5-20150702/obj-x86_64-redhat-linux/cloog-install --enable-gnu-indirect-function --with-tune=generic --with-arch_32=x86-64 --build=x86_64-redhat-linux
Thread model: posix
gcc version 4.8.5 20150623 (Red Hat 4.8.5-39) (GCC) 
configure:12359: $? = 0
configure:12348: gcc -V >&5
gcc: error: unrecognized command line option '-V'
gcc: fatal error: no input files
compilation terminated.
configure:12359: $? = 4
configure:12348: gcc -qversion >&5
gcc: error: unrecognized command line option '-qversion'
gcc: fatal error: no input files
compilation terminated.
configure:12359: $? = 4
configure:12363: checking whether we are using the GNU C compiler
configure:12391: result: yes
configure:12400: checking whether gcc accepts -g
configure:12461: result: yes
configure:12478: checking for gcc option to accept ISO C89
configure:12554: result: none needed
configure:12579: checking whether gcc understands -c and -o together
configure:12616: result: yes
configure:12635: checking dependency style of gcc
configure:12746: result: gcc3
configure:12766: checking how to run the C preprocessor
configure:12836: result: gcc -E
configure:12856: gcc -E  conftest.c
configure:12856: $? = 0
configure:12870: gcc -E  conftest.c
conftest.c:23:28: fatal error: ac_nonexistent.h: No such file or directory
 #include <ac_nonexistent.h>
                            ^
compilation terminated.
configure:12870: $? = 1
configure: failed program was:
| /* confdefs.h */
| #define PACKAGE_NAME "MIT/GNU Scheme x11 plugin"
| #define PACKAGE_TARNAME "mit-scheme-x11"
| #define PACKAGE_VERSION "1.3"
| #define PACKAGE_STRING "MIT/GNU Scheme x11 plugin 1.3"
| #define PACKAGE_BUGREPORT "bug-mit-scheme@gnu.org"
| #define PACKAGE_URL ""
| #define PACKAGE "mit-scheme-x11"
| #define VERSION "1.3"
| #define STDC_HEADERS 1
| #define HAVE_SYS_TYPES_H 1
| #define HAVE_SYS_STAT_H 1
| #define HAVE_STDLIB_H 1
| #define HAVE_STRING_H 1
| #define HAVE_MEMORY_H 1
| #define HAVE_STRINGS_H 1
| #define HAVE_INTTYPES_H 1
| #define HAVE_STDINT_H 1
| #define HAVE_UNISTD_H 1
| #define HAVE_DLFCN_H 1
| #define LT_OBJDIR ".libs/"
| /* end confdefs.h.  */
| #include <ac_nonexistent.h>
configure:12909: checking for GCC>=4
configure:12929: gcc -c -g -O2  conftest.c >&5
configure:12929: $? = 0
configure:12931: result: yes
configure:12948: checking for X
configure:13056: gcc -E  conftest.c
configure:13056: $? = 0
configure:13087: gcc -o conftest -g -O2   conftest.c -lX11  >&5
configure:13087: $? = 0
configure:13137: result: libraries , headers 
configure:13143: checking for pkg-config
configure:13159: found /bin/pkg-config
configure:13170: result: yes
configure:13181: checking malloc.h usability
configure:13181: gcc -c -g -O2  conftest.c >&5
configure:13181: $? = 0
configure:13181: result: yes
configure:13181: checking malloc.h presence
configure:13181: gcc -E  conftest.c
configure:13181: $? = 0
configure:13181: result: yes
configure:13181: checking for malloc.h
configure:13181: result: yes
configure:13414: checking that generated files are newer than configure
configure:13420: result: done
configure:13447: creating ./config.status

## ---------------------- ##
## Running config.status. ##
## ---------------------- ##

This file was extended by MIT/GNU Scheme x11 plugin config.status 1.3, which was
generated by GNU Autoconf 2.69.  Invocation command line was

  CONFIG_FILES    = 
  CONFIG_HEADERS  = 
  CONFIG_LINKS    = 
  CONFIG_COMMANDS = 
  $ ./config.status 

on VM-0-2-centos

config.status:1033: creating Makefile
config.status:1205: executing depfiles commands
config.status:1282: cd .       && sed -e '/# am--include-marker/d' Makefile         | make -f - am--depfiles
make: Nothing to be done for `am--depfiles'.
config.status:1287: $? = 0
config.status:1205: executing libtool commands

## ---------------- ##
## Cache variables. ##
## ---------------- ##

ac_cv_build=x86_64-pc-linux-gnu
ac_cv_c_compiler_gnu=yes
ac_cv_env_CC_set=
ac_cv_env_CC_value=
ac_cv_env_CFLAGS_set=
ac_cv_env_CFLAGS_value=
ac_cv_env_CPPFLAGS_set=
ac_cv_env_CPPFLAGS_value=
ac_cv_env_CPP_set=
ac_cv_env_CPP_value=
ac_cv_env_LDFLAGS_set=
ac_cv_env_LDFLAGS_value=
ac_cv_env_LIBS_set=
ac_cv_env_LIBS_value=
ac_cv_env_LT_SYS_LIBRARY_PATH_set=
ac_cv_env_LT_SYS_LIBRARY_PATH_value=
ac_cv_env_XMKMF_set=
ac_cv_env_XMKMF_value=
ac_cv_env_build_alias_set=
ac_cv_env_build_alias_value=
ac_cv_env_host_alias_set=
ac_cv_env_host_alias_value=
ac_cv_env_target_alias_set=
ac_cv_env_target_alias_value=
ac_cv_func_dlopen=no
ac_cv_func_shl_load=no
ac_cv_have_x='have_x=yes	ac_x_includes='\'''\''	ac_x_libraries='\'''\'''
ac_cv_header_dlfcn_h=yes
ac_cv_header_inttypes_h=yes
ac_cv_header_malloc_h=yes
ac_cv_header_memory_h=yes
ac_cv_header_stdc=yes
ac_cv_header_stdint_h=yes
ac_cv_header_stdlib_h=yes
ac_cv_header_string_h=yes
ac_cv_header_strings_h=yes
ac_cv_header_sys_stat_h=yes
ac_cv_header_sys_types_h=yes
ac_cv_header_unistd_h=yes
ac_cv_host=x86_64-pc-linux-gnu
ac_cv_lib_dl_dlopen=yes
ac_cv_lib_dld_shl_load=no
ac_cv_objext=o
ac_cv_path_EGREP='/bin/grep -E'
ac_cv_path_FGREP='/bin/grep -F'
ac_cv_path_GREP=/bin/grep
ac_cv_path_SED=/bin/sed
ac_cv_path_install='/bin/install -c'
ac_cv_path_lt_DD=/bin/dd
ac_cv_path_mkdir=/bin/mkdir
ac_cv_prog_AWK=gawk
ac_cv_prog_CPP='gcc -E'
ac_cv_prog_PKG_CONFIG=yes
ac_cv_prog_ac_ct_AR=ar
ac_cv_prog_ac_ct_CC=gcc
ac_cv_prog_ac_ct_OBJDUMP=objdump
ac_cv_prog_ac_ct_RANLIB=ranlib
ac_cv_prog_ac_ct_STRIP=strip
ac_cv_prog_cc_c89=
ac_cv_prog_cc_g=yes
ac_cv_prog_make_make_set=yes
am_cv_CC_dependencies_compiler_type=gcc3
am_cv_make_support_nested_variables=yes
am_cv_prog_cc_c_o=yes
lt_cv_ar_at_file=@
lt_cv_archive_cmds_need_lc=no
lt_cv_deplibs_check_method=pass_all
lt_cv_dlopen=dlopen
lt_cv_dlopen_libs=-ldl
lt_cv_dlopen_self=yes
lt_cv_dlopen_self_static=yes
lt_cv_file_magic_cmd='$MAGIC_CMD'
lt_cv_file_magic_test_file=
lt_cv_ld_reload_flag=-r
lt_cv_nm_interface='BSD nm'
lt_cv_objdir=.libs
lt_cv_path_LD=/bin/ld
lt_cv_path_NM='/bin/nm -B'
lt_cv_path_mainfest_tool=no
lt_cv_prog_compiler_c_o=yes
lt_cv_prog_compiler_pic='-fPIC -DPIC'
lt_cv_prog_compiler_pic_works=yes
lt_cv_prog_compiler_rtti_exceptions=no
lt_cv_prog_compiler_static_works=no
lt_cv_prog_gnu_ld=yes
lt_cv_sharedlib_from_linklib_cmd='printf %s\n'
lt_cv_shlibpath_overrides_runpath=no
lt_cv_sys_global_symbol_pipe='sed -n -e '\''s/^.*[	 ]\([ABCDGIRSTW][ABCDGIRSTW]*\)[	 ][	 ]*\([_A-Za-z][_A-Za-z0-9]*\)$/\1 \2 \2/p'\'' | sed '\''/ __gnu_lto/d'\'''
lt_cv_sys_global_symbol_to_c_name_address='sed -n -e '\''s/^: \(.*\) .*$/  {"\1", (void *) 0},/p'\'' -e '\''s/^[ABCDGIRSTW][ABCDGIRSTW]* .* \(.*\)$/  {"\1", (void *) \&\1},/p'\'''
lt_cv_sys_global_symbol_to_c_name_address_lib_prefix='sed -n -e '\''s/^: \(.*\) .*$/  {"\1", (void *) 0},/p'\'' -e '\''s/^[ABCDGIRSTW][ABCDGIRSTW]* .* \(lib.*\)$/  {"\1", (void *) \&\1},/p'\'' -e '\''s/^[ABCDGIRSTW][ABCDGIRSTW]* .* \(.*\)$/  {"lib\1", (void *) \&\1},/p'\'''
lt_cv_sys_global_symbol_to_cdecl='sed -n -e '\''s/^T .* \(.*\)$/extern int \1();/p'\'' -e '\''s/^[ABCDGIRSTW][ABCDGIRSTW]* .* \(.*\)$/extern char \1;/p'\'''
lt_cv_sys_global_symbol_to_import=
lt_cv_sys_max_cmd_len=1572864
lt_cv_to_host_file_cmd=func_convert_file_noop
lt_cv_to_tool_file_cmd=func_convert_file_noop
lt_cv_truncate_bin='/bin/dd bs=4096 count=1'

## ----------------- ##
## Output variables. ##
## ----------------- ##

ACLOCAL='${SHELL} /home/kevin/Desktop/mit-scheme-10.1.11/src/x11/missing aclocal-1.16'
AMDEPBACKSLASH='\'
AMDEP_FALSE='#'
AMDEP_TRUE=''
AMTAR='$${TAR-tar}'
AM_BACKSLASH='\'
AM_DEFAULT_V='$(AM_DEFAULT_VERBOSITY)'
AM_DEFAULT_VERBOSITY='1'
AM_V='$(V)'
AR='ar'
AUTOCONF='${SHELL} /home/kevin/Desktop/mit-scheme-10.1.11/src/x11/missing autoconf'
AUTOHEADER='${SHELL} /home/kevin/Desktop/mit-scheme-10.1.11/src/x11/missing autoheader'
AUTOMAKE='${SHELL} /home/kevin/Desktop/mit-scheme-10.1.11/src/x11/missing automake-1.16'
AWK='gawk'
CC='gcc'
CCDEPMODE='depmode=gcc3'
CFLAGS='-g -O2'
CPP='gcc -E'
CPPFLAGS=''
CYGPATH_W='echo'
DEFS='-DPACKAGE_NAME=\"MIT/GNU\ Scheme\ x11\ plugin\" -DPACKAGE_TARNAME=\"mit-scheme-x11\" -DPACKAGE_VERSION=\"1.3\" -DPACKAGE_STRING=\"MIT/GNU\ Scheme\ x11\ plugin\ 1.3\" -DPACKAGE_BUGREPORT=\"bug-mit-scheme@gnu.org\" -DPACKAGE_URL=\"\" -DPACKAGE=\"mit-scheme-x11\" -DVERSION=\"1.3\" -DSTDC_HEADERS=1 -DHAVE_SYS_TYPES_H=1 -DHAVE_SYS_STAT_H=1 -DHAVE_STDLIB_H=1 -DHAVE_STRING_H=1 -DHAVE_MEMORY_H=1 -DHAVE_STRINGS_H=1 -DHAVE_INTTYPES_H=1 -DHAVE_STDINT_H=1 -DHAVE_UNISTD_H=1 -DHAVE_DLFCN_H=1 -DLT_OBJDIR=\".libs/\" -DHAVE_MALLOC_H=1'
DEPDIR='.deps'
DLLTOOL='false'
DSYMUTIL=''
DUMPBIN=''
ECHO_C=''
ECHO_N='-n'
ECHO_T=''
EGREP='/bin/grep -E'
EXEEXT=''
FGREP='/bin/grep -F'
GREP='/bin/grep'
INSTALL_DATA='${INSTALL} -m 644'
INSTALL_PROGRAM='${INSTALL}'
INSTALL_SCRIPT='${INSTALL}'
INSTALL_STRIP_PROGRAM='$(install_sh) -c -s'
LD='/bin/ld -m elf_x86_64'
LDFLAGS=''
LIBOBJS=''
LIBS=''
LIBTOOL='$(SHELL) $(top_builddir)/libtool'
LIPO=''
LN_S='ln -s'
LTLIBOBJS=''
LT_SYS_LIBRARY_PATH=''
MAKEINFO='${SHELL} /home/kevin/Desktop/mit-scheme-10.1.11/src/x11/missing makeinfo'
MANIFEST_TOOL=':'
MIT_CFLAGS=' -Wall -Wundef -Wpointer-arith -Winline -Wstrict-prototypes -Wnested-externs -Wredundant-decls -Wextra -Wno-sign-compare -Wno-unused-parameter -Wold-style-definition -Wunreachable-code -Wwrite-strings  '
MIT_LIBS=' -lX11  '
MIT_SCHEME_BCIs=' x11-base.bci x11-color.bci x11-graphics.bci x11-terminal.bci x11-device.bci'
MIT_SCHEME_CLEAN=''
MIT_SCHEME_COMs=' x11-base.com x11-color.com x11-graphics.com x11-terminal.com x11-device.com'
MIT_SCHEME_DEPS='
MIT_SCHEME_EXE='no-mit-scheme-needed'
MIT_SCHEME_INCLUDEDIR='/home/kevin/Desktop/mit-scheme-10.1.11/src/lib/'
MIT_SCHEME_LIBDIR='$(libdir)/mit-scheme-x86-64/'
MIT_SCHEME_PKD='x11-unx.pkd'
MIT_SCHEME_PROJECT='mit-scheme'
MIT_SCHEME_SCMs=' x11-base.scm x11-color.scm x11-graphics.scm x11-terminal.scm x11-device.scm'
MKDIR_P='/bin/mkdir -p'
NM='/bin/nm -B'
NMEDIT=''
OBJDUMP='objdump'
OBJEXT='o'
OTOOL64=''
OTOOL=''
PACKAGE='mit-scheme-x11'
PACKAGE_BUGREPORT='bug-mit-scheme@gnu.org'
PACKAGE_NAME='MIT/GNU Scheme x11 plugin'
PACKAGE_STRING='MIT/GNU Scheme x11 plugin 1.3'
PACKAGE_TARNAME='mit-scheme-x11'
PACKAGE_URL=''
PACKAGE_VERSION='1.3'
PATH_SEPARATOR=':'
PKG_CONFIG='yes'
RANLIB='ranlib'
SED='/bin/sed'
SET_MAKE=''
SHELL='/bin/sh'
STRIP='strip'
VERSION='1.3'
XMKMF=''
ac_ct_AR='ar'
ac_ct_CC='gcc'
ac_ct_DUMPBIN=''
am__EXEEXT_FALSE=''
am__EXEEXT_TRUE='#'
am__fastdepCC_FALSE='#'
am__fastdepCC_TRUE=''
am__include='include'
am__isrc=''
am__leading_dot='.'
am__nodep='_no'
am__quote=''
am__tar='$${TAR-tar} chof - "$$tardir"'
am__untar='$${TAR-tar} xf -'
bindir='${exec_prefix}/bin'
build='x86_64-pc-linux-gnu'
build_alias=''
build_cpu='x86_64'
build_os='linux-gnu'
build_vendor='pc'
datadir='${datarootdir}'
datarootdir='${prefix}/share'
docdir='${datarootdir}/doc/${PACKAGE_TARNAME}'
dvidir='${docdir}'
exec_prefix='${prefix}'
host='x86_64-pc-linux-gnu'
host_alias=''
host_cpu='x86_64'
host_os='linux-gnu'
host_vendor='pc'
htmldir='${docdir}'
includedir='${prefix}/include'
infodir='${datarootdir}/info'
install_sh='${SHELL} /home/kevin/Desktop/mit-scheme-10.1.11/src/x11/install-sh'
libdir='${exec_prefix}/lib'
libexecdir='${exec_prefix}/libexec'
localedir='${datarootdir}/locale'
localstatedir='${prefix}/var'
mandir='${datarootdir}/man'
mkdir_p='$(MKDIR_P)'
oldincludedir='/usr/include'
pdfdir='${docdir}'
prefix='/usr/local'
program_transform_name='s,x,x,'
psdir='${docdir}'
runstatedir='${localstatedir}/run'
sbindir='${exec_prefix}/sbin'
sharedstatedir='${prefix}/com'
sysconfdir='${prefix}/etc'
target_alias=''
x11-base.bci: stamp-scheme
x11-base.com: stamp-scheme
x11-color.bci: stamp-scheme
x11-color.com: stamp-scheme
x11-device.bci: stamp-scheme
x11-device.com: stamp-scheme
x11-graphics.bci: stamp-scheme
x11-graphics.com: stamp-scheme
x11-terminal.bci: stamp-scheme
x11-terminal.com: stamp-scheme
x11-unx.pkd: stamp-scheme'

## ----------- ##
## confdefs.h. ##
## ----------- ##

/* confdefs.h */
#define PACKAGE_NAME "MIT/GNU Scheme x11 plugin"
#define PACKAGE_TARNAME "mit-scheme-x11"
#define PACKAGE_VERSION "1.3"
#define PACKAGE_STRING "MIT/GNU Scheme x11 plugin 1.3"
#define PACKAGE_BUGREPORT "bug-mit-scheme@gnu.org"
#define PACKAGE_URL ""
#define PACKAGE "mit-scheme-x11"
#define VERSION "1.3"
#define STDC_HEADERS 1
#define HAVE_SYS_TYPES_H 1
#define HAVE_SYS_STAT_H 1
#define HAVE_STDLIB_H 1
#define HAVE_STRING_H 1
#define HAVE_MEMORY_H 1
#define HAVE_STRINGS_H 1
#define HAVE_INTTYPES_H 1
#define HAVE_STDINT_H 1
#define HAVE_UNISTD_H 1
#define HAVE_DLFCN_H 1
#define LT_OBJDIR ".libs/"
#define HAVE_MALLOC_H 1

configure: exit 0
