This file contains any messages produced by compilers while
running configure, to aid debugging if configure makes a mistake.

It was created by MIT/GNU Scheme configure 10.1.11, which was
generated by GNU Autoconf 2.69.  Invocation command line was

  $ ./configure 

## --------- ##
## Platform. ##
## --------- ##

hostname = VM-0-2-centos
uname -m = x86_64
uname -r = 3.10.0-1127.19.1.el7.x86_64
uname -s = Linux
uname -v = #1 SMP Tue Aug 25 17:23:54 UTC 2020

/usr/bin/uname -p = x86_64
/bin/uname -X     = unknown

/bin/arch              = x86_64
/usr/bin/arch -k       = unknown
/usr/convex/getsysinfo = unknown
/usr/bin/hostinfo      = unknown
/bin/machine           = unknown
/usr/bin/oslevel       = unknown
/bin/universe          = unknown

PATH: /sbin
PATH: /bin
PATH: /usr/sbin
PATH: /usr/bin


## ----------- ##
## Core tests. ##
## ----------- ##

configure:2346: checking whether make sets $(MAKE)
configure:2368: result: yes
configure:2523: checking build system type
configure:2537: result: x86_64-unknown-linux-gnu
configure:2557: checking host system type
configure:2570: result: x86_64-unknown-linux-gnu
configure:2645: checking for gcc
configure:2661: found /bin/gcc
configure:2672: result: gcc
configure:2901: checking for C compiler version
configure:2910: gcc --version >&5
gcc (GCC) 4.8.5 20150623 (Red Hat 4.8.5-39)
Copyright (C) 2015 Free Software Foundation, Inc.
This is free software; see the source for copying conditions.  There is NO
warranty; not even for MERCHANTABILITY or FITNESS FOR A PARTICULAR PURPOSE.

configure:2921: $? = 0
configure:2910: gcc -v >&5
Using built-in specs.
COLLECT_GCC=gcc
COLLECT_LTO_WRAPPER=/usr/libexec/gcc/x86_64-redhat-linux/4.8.5/lto-wrapper
Target: x86_64-redhat-linux
Configured with: ../configure --prefix=/usr --mandir=/usr/share/man --infodir=/usr/share/info --with-bugurl=http://bugzilla.redhat.com/bugzilla --enable-bootstrap --enable-shared --enable-threads=posix --enable-checking=release --with-system-zlib --enable-__cxa_atexit --disable-libunwind-exceptions --enable-gnu-unique-object --enable-linker-build-id --with-linker-hash-style=gnu --enable-languages=c,c++,objc,obj-c++,java,fortran,ada,go,lto --enable-plugin --enable-initfini-array --disable-libgcj --with-isl=/builddir/build/BUILD/gcc-4.8.5-20150702/obj-x86_64-redhat-linux/isl-install --with-cloog=/builddir/build/BUILD/gcc-4.8.5-20150702/obj-x86_64-redhat-linux/cloog-install --enable-gnu-indirect-function --with-tune=generic --with-arch_32=x86-64 --build=x86_64-redhat-linux
Thread model: posix
gcc version 4.8.5 20150623 (Red Hat 4.8.5-39) (GCC) 
configure:2921: $? = 0
configure:2910: gcc -V >&5
gcc: error: unrecognized command line option '-V'
gcc: fatal error: no input files
compilation terminated.
configure:2921: $? = 4
configure:2910: gcc -qversion >&5
gcc: error: unrecognized command line option '-qversion'
gcc: fatal error: no input files
compilation terminated.
configure:2921: $? = 4
configure:2941: checking whether the C compiler works
configure:2963: gcc    conftest.c  >&5
configure:2967: $? = 0
configure:3015: result: yes
configure:3018: checking for C compiler default output file name
configure:3020: result: a.out
configure:3026: checking for suffix of executables
configure:3033: gcc -o conftest    conftest.c  >&5
configure:3037: $? = 0
configure:3059: result: 
configure:3081: checking whether we are cross compiling
configure:3089: gcc -o conftest    conftest.c  >&5
configure:3093: $? = 0
configure:3100: ./conftest
configure:3104: $? = 0
configure:3119: result: no
configure:3124: checking for suffix of object files
configure:3146: gcc -c   conftest.c >&5
configure:3150: $? = 0
configure:3171: result: o
configure:3175: checking whether we are using the GNU C compiler
configure:3194: gcc -c   conftest.c >&5
configure:3194: $? = 0
configure:3203: result: yes
configure:3212: checking whether gcc accepts -g
configure:3232: gcc -c -g  conftest.c >&5
configure:3232: $? = 0
configure:3273: result: yes
configure:3290: checking for gcc option to accept ISO C89
configure:3353: gcc  -c -g -O2  conftest.c >&5
configure:3353: $? = 0
configure:3366: result: none needed
configure:3392: checking how to run the C preprocessor
configure:3423: gcc -E  conftest.c
configure:3423: $? = 0
configure:3437: gcc -E  conftest.c
conftest.c:9:28: fatal error: ac_nonexistent.h: No such file or directory
 #include <ac_nonexistent.h>
                            ^
compilation terminated.
configure:3437: $? = 1
configure: failed program was:
| /* confdefs.h */
| #define PACKAGE_NAME "MIT/GNU Scheme"
| #define PACKAGE_TARNAME "mit-scheme"
| #define PACKAGE_VERSION "10.1.11"
| #define PACKAGE_STRING "MIT/GNU Scheme 10.1.11"
| #define PACKAGE_BUGREPORT "bug-mit-scheme@gnu.org"
| #define PACKAGE_URL ""
| /* end confdefs.h.  */
| #include <ac_nonexistent.h>
configure:3462: result: gcc -E
configure:3482: gcc -E  conftest.c
configure:3482: $? = 0
configure:3496: gcc -E  conftest.c
conftest.c:9:28: fatal error: ac_nonexistent.h: No such file or directory
 #include <ac_nonexistent.h>
                            ^
compilation terminated.
configure:3496: $? = 1
configure: failed program was:
| /* confdefs.h */
| #define PACKAGE_NAME "MIT/GNU Scheme"
| #define PACKAGE_TARNAME "mit-scheme"
| #define PACKAGE_VERSION "10.1.11"
| #define PACKAGE_STRING "MIT/GNU Scheme 10.1.11"
| #define PACKAGE_BUGREPORT "bug-mit-scheme@gnu.org"
| #define PACKAGE_URL ""
| /* end confdefs.h.  */
| #include <ac_nonexistent.h>
configure:3525: checking for grep that handles long lines and -e
configure:3583: result: /bin/grep
configure:3588: checking for egrep
configure:3650: result: /bin/grep -E
configure:3655: checking for ANSI C header files
configure:3675: gcc -c -g -O2  conftest.c >&5
configure:3675: $? = 0
configure:3748: gcc -o conftest -g -O2   conftest.c  >&5
configure:3748: $? = 0
configure:3748: ./conftest
configure:3748: $? = 0
configure:3759: result: yes
configure:3772: checking for sys/types.h
configure:3772: gcc -c -g -O2  conftest.c >&5
configure:3772: $? = 0
configure:3772: result: yes
configure:3772: checking for sys/stat.h
configure:3772: gcc -c -g -O2  conftest.c >&5
configure:3772: $? = 0
configure:3772: result: yes
configure:3772: checking for stdlib.h
configure:3772: gcc -c -g -O2  conftest.c >&5
configure:3772: $? = 0
configure:3772: result: yes
configure:3772: checking for string.h
configure:3772: gcc -c -g -O2  conftest.c >&5
configure:3772: $? = 0
configure:3772: result: yes
configure:3772: checking for memory.h
configure:3772: gcc -c -g -O2  conftest.c >&5
configure:3772: $? = 0
configure:3772: result: yes
configure:3772: checking for strings.h
configure:3772: gcc -c -g -O2  conftest.c >&5
configure:3772: $? = 0
configure:3772: result: yes
configure:3772: checking for inttypes.h
configure:3772: gcc -c -g -O2  conftest.c >&5
configure:3772: $? = 0
configure:3772: result: yes
configure:3772: checking for stdint.h
configure:3772: gcc -c -g -O2  conftest.c >&5
configure:3772: $? = 0
configure:3772: result: yes
configure:3772: checking for unistd.h
configure:3772: gcc -c -g -O2  conftest.c >&5
configure:3772: $? = 0
configure:3772: result: yes
configure:3788: checking for native-code support
configure:3867: result: yes, for x86-64
configure:3886: checking for compiler target
configure:3939: result: yes, for x86-64
configure:4096: checking for X
configure:4204: gcc -E  conftest.c
configure:4204: $? = 0
configure:4235: gcc -o conftest -g -O2   conftest.c -lX11  >&5
configure:4235: $? = 0
configure:4285: result: libraries , headers 
configure:4303: checking configuring blowfish plugin
configure:4312: result: no
configure:4315: checking configuring edwin plugin
configure:4320: result: yes
configure:4327: checking configuring gdbm plugin
configure:4336: result: no
configure:4339: checking configuring imail plugin
configure:4344: result: yes
configure:4351: checking configuring mcrypt plugin
configure:4360: result: no
configure:4363: checking configuring pgsql plugin
configure:4372: result: no
configure:4375: checking configuring x11 plugin
configure:4380: result: yes
configure:4387: checking configuring x11-screen plugin
configure:4392: result: yes
configure:4436: checking for a BSD-compatible install
configure:4504: result: /bin/install -c
configure:4515: checking whether ln -s works
configure:4519: result: yes
configure:4729: creating ./config.status

## ---------------------- ##
## Running config.status. ##
## ---------------------- ##

This file was extended by MIT/GNU Scheme config.status 10.1.11, which was
generated by GNU Autoconf 2.69.  Invocation command line was

  CONFIG_FILES    = 
  CONFIG_HEADERS  = 
  CONFIG_LINKS    = 
  CONFIG_COMMANDS = 
  $ ./config.status 

on VM-0-2-centos

config.status:773: creating Makefile
config.status:773: creating 6001/Makefile
config.status:773: creating compiler/Makefile
config.status:773: creating cref/Makefile
config.status:773: creating ffi/Makefile
config.status:773: creating runtime/Makefile
config.status:773: creating sf/Makefile
config.status:773: creating sos/Makefile
config.status:773: creating ssp/Makefile
config.status:773: creating star-parser/Makefile
config.status:773: creating win32/Makefile
config.status:773: creating xdoc/Makefile
config.status:773: creating xml/Makefile
configure:5818: === configuring in microcode (/home/kevin/Desktop/mit-scheme-10.1.11/src/microcode)
configure:5881: running /bin/sh ./configure --disable-option-checking '--prefix=/usr/local'  --cache-file=/dev/null --srcdir=.
configure:5818: === configuring in edwin (/home/kevin/Desktop/mit-scheme-10.1.11/src/edwin)
configure:5881: running /bin/sh ./configure --disable-option-checking '--prefix=/usr/local'  --cache-file=/dev/null --srcdir=.
configure:5818: === configuring in imail (/home/kevin/Desktop/mit-scheme-10.1.11/src/imail)
configure:5881: running /bin/sh ./configure --disable-option-checking '--prefix=/usr/local'  --cache-file=/dev/null --srcdir=.
configure:5818: === configuring in x11 (/home/kevin/Desktop/mit-scheme-10.1.11/src/x11)
configure:5881: running /bin/sh ./configure --disable-option-checking '--prefix=/usr/local'  --cache-file=/dev/null --srcdir=.
configure:5818: === configuring in x11-screen (/home/kevin/Desktop/mit-scheme-10.1.11/src/x11-screen)
configure:5881: running /bin/sh ./configure --disable-option-checking '--prefix=/usr/local'  --cache-file=/dev/null --srcdir=.

## ---------------- ##
## Cache variables. ##
## ---------------- ##

ac_cv_build=x86_64-unknown-linux-gnu
ac_cv_c_compiler_gnu=yes
ac_cv_env_CC_set=
ac_cv_env_CC_value=
ac_cv_env_CFLAGS_set=
ac_cv_env_CFLAGS_value=
ac_cv_env_CPPFLAGS_set=
ac_cv_env_CPPFLAGS_value=
ac_cv_env_CPP_set=
ac_cv_env_CPP_value=
ac_cv_env_LDFLAGS_set=
ac_cv_env_LDFLAGS_value=
ac_cv_env_LIBS_set=
ac_cv_env_LIBS_value=
ac_cv_env_XMKMF_set=
ac_cv_env_XMKMF_value=
ac_cv_env_build_alias_set=
ac_cv_env_build_alias_value=
ac_cv_env_host_alias_set=
ac_cv_env_host_alias_value=
ac_cv_env_target_alias_set=
ac_cv_env_target_alias_value=
ac_cv_have_x='have_x=yes	ac_x_includes='\'''\''	ac_x_libraries='\'''\'''
ac_cv_header_inttypes_h=yes
ac_cv_header_memory_h=yes
ac_cv_header_stdc=yes
ac_cv_header_stdint_h=yes
ac_cv_header_stdlib_h=yes
ac_cv_header_string_h=yes
ac_cv_header_strings_h=yes
ac_cv_header_sys_stat_h=yes
ac_cv_header_sys_types_h=yes
ac_cv_header_unistd_h=yes
ac_cv_host=x86_64-unknown-linux-gnu
ac_cv_objext=o
ac_cv_path_EGREP='/bin/grep -E'
ac_cv_path_GREP=/bin/grep
ac_cv_path_install='/bin/install -c'
ac_cv_prog_CPP='gcc -E'
ac_cv_prog_ac_ct_CC=gcc
ac_cv_prog_cc_c89=
ac_cv_prog_cc_g=yes
ac_cv_prog_make_make_set=yes

## ----------------- ##
## Output variables. ##
## ----------------- ##

ALL_TARGET='all-native'
AUXDIR='$(libdir)/mit-scheme-x86-64'
AUXDIR_NAME='mit-scheme-x86-64'
CC='gcc'
CFLAGS='-g -O2'
CPP='gcc -E'
CPPFLAGS=''
DEFAULT_TARGET='compile-microcode'
DEFS='-DPACKAGE_NAME=\"MIT/GNU\ Scheme\" -DPACKAGE_TARNAME=\"mit-scheme\" -DPACKAGE_VERSION=\"10.1.11\" -DPACKAGE_STRING=\"MIT/GNU\ Scheme\ 10.1.11\" -DPACKAGE_BUGREPORT=\"bug-mit-scheme@gnu.org\" -DPACKAGE_URL=\"\" -DSTDC_HEADERS=1 -DHAVE_SYS_TYPES_H=1 -DHAVE_SYS_STAT_H=1 -DHAVE_STDLIB_H=1 -DHAVE_STRING_H=1 -DHAVE_MEMORY_H=1 -DHAVE_STRINGS_H=1 -DHAVE_INTTYPES_H=1 -DHAVE_STDINT_H=1 -DHAVE_UNISTD_H=1'
ECHO_C=''
ECHO_N='-n'
ECHO_T=''
EGREP='/bin/grep -E'
EXEEXT=''
GREP='/bin/grep'
HOST_COMPILER_HEAP=''
IF_BLOWFISH='#!blowfish: '
IF_CROSS='#!cross-compiling: '
IF_EDWIN=''
IF_GDBM='#!gdbm: '
IF_IMAIL=''
IF_LIARC='#!liarc: '
IF_MCRYPT='#!mcrypt: '
IF_PGSQL='#!pgsql: '
IF_SVM='#!svm: '
IF_SVM_COMPILER='#!svm compiler: '
IF_X11=''
IF_X11_SCREEN=''
INSTALL_COM='$(INSTALL_DATA)'
INSTALL_DATA='${INSTALL} -m 644'
INSTALL_LIARC_BUNDLES=''
INSTALL_PROGRAM='${INSTALL}'
INSTALL_SCRIPT='${INSTALL}'
LDFLAGS=''
LIBOBJS=''
LIBS=''
LN_S='ln -s'
LTLIBOBJS=''
MIT_SCHEME_EXE='no-mit-scheme-needed'
OBJEXT='o'
OPTION_SUBDIRS=' edwin imail x11 x11-screen'
PACKAGE_BUGREPORT='bug-mit-scheme@gnu.org'
PACKAGE_NAME='MIT/GNU Scheme'
PACKAGE_STRING='MIT/GNU Scheme 10.1.11'
PACKAGE_TARNAME='mit-scheme'
PACKAGE_URL=''
PACKAGE_VERSION='10.1.11'
PATH_SEPARATOR=':'
SET_MAKE=''
SHELL='/bin/sh'
XMKMF=''
ac_ct_CC='gcc'
bindir='${exec_prefix}/bin'
build='x86_64-unknown-linux-gnu'
build_alias=''
build_cpu='x86_64'
build_os='linux-gnu'
build_vendor='unknown'
datadir='${datarootdir}'
datarootdir='${prefix}/share'
docdir='${datarootdir}/doc/${PACKAGE_TARNAME}'
dvidir='${docdir}'
exec_prefix='${prefix}'
host='x86_64-unknown-linux-gnu'
host_alias=''
host_cpu='x86_64'
host_os='linux-gnu'
host_vendor='unknown'
htmldir='${docdir}'
includedir='${prefix}/include'
infodir='${datarootdir}/info'
libdir='${exec_prefix}/lib'
libexecdir='${exec_prefix}/libexec'
localedir='${datarootdir}/locale'
localstatedir='${prefix}/var'
mandir='${datarootdir}/man'
oldincludedir='/usr/include'
pdfdir='${docdir}'
prefix='/usr/local'
program_transform_name='s,x,x,'
psdir='${docdir}'
runstatedir='${localstatedir}/run'
sbindir='${exec_prefix}/sbin'
sharedstatedir='${prefix}/com'
subdirs=' microcode edwin imail x11 x11-screen'
sysconfdir='${prefix}/etc'
target_alias=''

## ----------- ##
## confdefs.h. ##
## ----------- ##

/* confdefs.h */
#define PACKAGE_NAME "MIT/GNU Scheme"
#define PACKAGE_TARNAME "mit-scheme"
#define PACKAGE_VERSION "10.1.11"
#define PACKAGE_STRING "MIT/GNU Scheme 10.1.11"
#define PACKAGE_BUGREPORT "bug-mit-scheme@gnu.org"
#define PACKAGE_URL ""
#define STDC_HEADERS 1
#define HAVE_SYS_TYPES_H 1
#define HAVE_SYS_STAT_H 1
#define HAVE_STDLIB_H 1
#define HAVE_STRING_H 1
#define HAVE_MEMORY_H 1
#define HAVE_STRINGS_H 1
#define HAVE_INTTYPES_H 1
#define HAVE_STDINT_H 1
#define HAVE_UNISTD_H 1

configure: exit 0
